<?xml version="1.0" encoding="UTF-8"?>
<testng-results skipped="0" failed="0" ignored="0" total="1" passed="1">
  <reporter-output>
  </reporter-output>
  <suite name="Default suite" duration-ms="17306" started-at="2020-06-13T11:48:26 CDT" finished-at="2020-06-13T11:48:43 CDT">
    <groups>
    </groups>
    <test name="Default test" duration-ms="17306" started-at="2020-06-13T11:48:26 CDT" finished-at="2020-06-13T11:48:43 CDT">
      <class name="Testcases.Loginapplication">
        <test-method status="PASS" signature="Login()[pri:0, instance:Testcases.Loginapplication@6f1fba17]" name="Login" duration-ms="17267" started-at="2020-06-13T11:48:26 CDT" finished-at="2020-06-13T11:48:43 CDT">
          <reporter-output>
          </reporter-output>
        </test-method> <!-- Login -->
      </class> <!-- Testcases.Loginapplication -->
    </test> <!-- Default test -->
  </suite> <!-- Default suite -->
</testng-results>
